<?xml version="1.0" encoding="UTF-8"?>
<robot generator="Robot 7.0.1 (Python 3.11.3 on win32)" generated="2024-09-29T17:36:42.672419" rpa="false" schemaversion="5">
<suite id="s1" name="OrgeHRM" source="C:\Users\Shree\Desktop\New_Python\OrgeHRM">
<suite id="s1-s1" name="Dropw" source="C:\Users\Shree\Desktop\New_Python\OrgeHRM\dropw.robot">
<test id="s1-s1-t1" name="Open_browser" line="11">
<kw name="Open Browser" owner="SeleniumLibrary">
<msg time="2024-09-29T17:36:42.972435" level="INFO">Opening browser 'headlesschrome' to base url 'https://opensource-demo.orangehrmlive.com/web/index.php/auth/login'.</msg>
<arg>${Url}</arg>
<arg>${browser}</arg>
<doc>Opens a new browser instance to the optional ``url``.</doc>
<status status="PASS" start="2024-09-29T17:36:42.972435" elapsed="30.341534"/>
</kw>
<kw name="Maximize Browser Window" owner="SeleniumLibrary">
<doc>Maximizes current browser window.</doc>
<status status="PASS" start="2024-09-29T17:37:13.313969" elapsed="0.028974"/>
</kw>
<kw name="LoginTesting">
<kw name="Wait Until Element Is Visible" owner="SeleniumLibrary">
<arg>xpath://input[@placeholder='Username']</arg>
<arg>timeout=10s</arg>
<doc>Waits until the element ``locator`` is visible.</doc>
<status status="PASS" start="2024-09-29T17:37:13.343940" elapsed="2.420363"/>
</kw>
<kw name="Input Text" owner="SeleniumLibrary">
<msg time="2024-09-29T17:37:15.766347" level="INFO">Typing text 'Admin' into text field 'xpath://input[@placeholder='Username']'.</msg>
<arg>xpath://input[@placeholder='Username']</arg>
<arg>${username}</arg>
<doc>Types the given ``text`` into the text field identified by ``locator``.</doc>
<status status="PASS" start="2024-09-29T17:37:15.764303" elapsed="0.182369"/>
</kw>
<kw name="Input Text" owner="SeleniumLibrary">
<msg time="2024-09-29T17:37:15.952466" level="INFO">Typing text 'admin123' into text field 'xpath://input[@placeholder='Password']'.</msg>
<arg>xpath://input[@placeholder='Password']</arg>
<arg>${password}</arg>
<doc>Types the given ``text`` into the text field identified by ``locator``.</doc>
<status status="PASS" start="2024-09-29T17:37:15.950711" elapsed="0.210171"/>
</kw>
<kw name="Click Button" owner="SeleniumLibrary">
<msg time="2024-09-29T17:37:16.160882" level="INFO">Clicking button 'xpath://button[@type='submit']'.</msg>
<arg>xpath://button[@type='submit']</arg>
<doc>Clicks the button identified by ``locator``.</doc>
<status status="PASS" start="2024-09-29T17:37:16.160882" elapsed="7.885484"/>
</kw>
<kw name="Wait Until Element Is Visible" owner="SeleniumLibrary">
<arg>//a[normalize-space()='My Info']</arg>
<doc>Waits until the element ``locator`` is visible.</doc>
<status status="PASS" start="2024-09-29T17:37:24.047362" elapsed="0.537361"/>
</kw>
<kw name="Click Link" owner="SeleniumLibrary">
<msg time="2024-09-29T17:37:24.585877" level="INFO">Clicking link '//a[normalize-space()='My Info']'.</msg>
<arg>//a[normalize-space()='My Info']</arg>
<doc>Clicks a link identified by ``locator``.</doc>
<status status="PASS" start="2024-09-29T17:37:24.585877" elapsed="1.882820"/>
</kw>
<kw name="Wait Until Element Is Visible" owner="SeleniumLibrary">
<arg>xpath://label[text()='Marital Status']/following::div[1]</arg>
<doc>Waits until the element ``locator`` is visible.</doc>
<status status="PASS" start="2024-09-29T17:37:26.468697" elapsed="0.728164"/>
</kw>
<kw name="Click Element" owner="SeleniumLibrary">
<msg time="2024-09-29T17:37:27.197858" level="INFO">Clicking element 'xpath://label[text()='Marital Status']/following::div[1]'.</msg>
<msg time="2024-09-29T17:37:28.719487" level="INFO" html="true">&lt;/td&gt;&lt;/tr&gt;&lt;tr&gt;&lt;td colspan="3"&gt;&lt;a href="selenium-screenshot-1.png"&gt;&lt;img src="selenium-screenshot-1.png" width="800px"&gt;&lt;/a&gt;</msg>
<msg time="2024-09-29T17:37:28.719487" level="FAIL">ElementClickInterceptedException: Message: element click intercepted: Element &lt;div data-v-957b4417="" class=""&gt;...&lt;/div&gt; is not clickable at point (1275, 722). Other element would receive the click: &lt;div data-v-d5bfe35b="" class="oxd-form-loader"&gt;...&lt;/div&gt;
  (Session info: chrome=129.0.6668.70)
Stacktrace:
	GetHandleVerifier [0x00007FF7386EB125+29573]
	(No symbol) [0x00007FF73865FF50]
	(No symbol) [0x00007FF73851B6EA]
	(No symbol) [0x00007FF7385774EE]
	(No symbol) [0x00007FF738574F3C]
	(No symbol) [0x00007FF738572408]
	(No symbol) [0x00007FF73857161A]
	(No symbol) [0x00007FF7385636BE]
	(No symbol) [0x00007FF7385972FA]
	(No symbol) [0x00007FF738562FF6]
	(No symbol) [0x00007FF738597510]
	(No symbol) [0x00007FF7385B86BC]
	(No symbol) [0x00007FF7385970A3]
	(No symbol) [0x00007FF7385612DF]
	(No symbol) [0x00007FF738562441]
	GetHandleVerifier [0x00007FF738A1C76D+3377613]
	GetHandleVerifier [0x00007FF738A67B67+3685831]
	GetHandleVerifier [0x00007FF738A5CF8B+3641835]
	GetHandleVerifier [0x00007FF7387AB2A6+816390]
	(No symbol) [0x00007FF73866B25F]
	(No symbol) [0x00007FF738667084]
	(No symbol) [0x00007FF738667220]
	(No symbol) [0x00007FF73865607F]
	BaseThreadInitThunk [0x00007FFAACB07374+20]
	RtlUserThreadStart [0x00007FFAAD43CC91+33]
</msg>
<arg>xpath://label[text()='Marital Status']/following::div[1]</arg>
<doc>Click the element identified by ``locator``.</doc>
<status status="FAIL" start="2024-09-29T17:37:27.196861" elapsed="1.529160">ElementClickInterceptedException: Message: element click intercepted: Element &lt;div data-v-957b4417="" class=""&gt;...&lt;/div&gt; is not clickable at point (1275, 722). Other element would receive the click: &lt;div data-v-d5bfe35b="" class="oxd-form-loader"&gt;...&lt;/div&gt;
  (Session info: chrome=129.0.6668.70)
Stacktrace:
	GetHandleVerifier [0x00007FF7386EB125+29573]
	(No symbol) [0x00007FF73865FF50]
	(No symbol) [0x00007FF73851B6EA]
	(No symbol) [0x00007FF7385774EE]
	(No symbol) [0x00007FF738574F3C]
	(No symbol) [0x00007FF738572408]
	(No symbol) [0x00007FF73857161A]
	(No symbol) [0x00007FF7385636BE]
	(No symbol) [0x00007FF7385972FA]
	(No symbol) [0x00007FF738562FF6]
	(No symbol) [0x00007FF738597510]
	(No symbol) [0x00007FF7385B86BC]
	(No symbol) [0x00007FF7385970A3]
	(No symbol) [0x00007FF7385612DF]
	(No symbol) [0x00007FF738562441]
	GetHandleVerifier [0x00007FF738A1C76D+3377613]
	GetHandleVerifier [0x00007FF738A67B67+3685831]
	GetHandleVerifier [0x00007FF738A5CF8B+3641835]
	GetHandleVerifier [0x00007FF7387AB2A6+816390]
	(No symbol) [0x00007FF73866B25F]
	(No symbol) [0x00007FF738667084]
	(No symbol) [0x00007FF738667220]
	(No symbol) [0x00007FF73865607F]
	BaseThreadInitThunk [0x00007FFAACB07374+20]
	RtlUserThreadStart [0x00007FFAAD43CC91+33]
</status>
</kw>
<kw name="Wait Until Element Is Visible" owner="SeleniumLibrary">
<arg>xpath://div[@role='option' and text()='Married']</arg>
<doc>Waits until the element ``locator`` is visible.</doc>
<status status="NOT RUN" start="2024-09-29T17:37:28.727541" elapsed="0.000000"/>
</kw>
<kw name="Click Element" owner="SeleniumLibrary">
<arg>xpath://div[@role='option' and text()='Married']</arg>
<doc>Click the element identified by ``locator``.</doc>
<status status="NOT RUN" start="2024-09-29T17:37:28.727541" elapsed="0.001015"/>
</kw>
<status status="FAIL" start="2024-09-29T17:37:13.342943" elapsed="15.385613">ElementClickInterceptedException: Message: element click intercepted: Element &lt;div data-v-957b4417="" class=""&gt;...&lt;/div&gt; is not clickable at point (1275, 722). Other element would receive the click: &lt;div data-v-d5bfe35b="" class="oxd-form-loader"&gt;...&lt;/div&gt;
  (Session info: chrome=129.0.6668.70)
Stacktrace:
	GetHandleVerifier [0x00007FF7386EB125+29573]
	(No symbol) [0x00007FF73865FF50]
	(No symbol) [0x00007FF73851B6EA]
	(No symbol) [0x00007FF7385774EE]
	(No symbol) [0x00007FF738574F3C]
	(No symbol) [0x00007FF738572408]
	(No symbol) [0x00007FF73857161A]
	(No symbol) [0x00007FF7385636BE]
	(No symbol) [0x00007FF7385972FA]
	(No symbol) [0x00007FF738562FF6]
	(No symbol) [0x00007FF738597510]
	(No symbol) [0x00007FF7385B86BC]
	(No symbol) [0x00007FF7385970A3]
	(No symbol) [0x00007FF7385612DF]
	(No symbol) [0x00007FF738562441]
	GetHandleVerifier [0x00007FF738A1C76D+3377613]
	GetHandleVerifier [0x00007FF738A67B67+3685831]
	GetHandleVerifier [0x00007FF738A5CF8B+3641835]
	GetHandleVerifier [0x00007FF7387AB2A6+816390]
	(No symbol) [0x00007FF73866B25F]
	(No symbol) [0x00007FF738667084]
	(No symbol) [0x00007FF738667220]
	(No symbol) [0x00007FF73865607F]
	BaseThreadInitThunk [0x00007FFAACB07374+20]
	RtlUserThreadStart [0x00007FFAAD43CC91+33]
</status>
</kw>
<kw name="Close Browser" owner="SeleniumLibrary">
<doc>Closes the current browser.</doc>
<status status="NOT RUN" start="2024-09-29T17:37:28.728556" elapsed="0.001029"/>
</kw>
<doc>Open browser, login, and navigate to 'My Info' section to select marital status.</doc>
<status status="FAIL" start="2024-09-29T17:36:42.972435" elapsed="45.757150">ElementClickInterceptedException: Message: element click intercepted: Element &lt;div data-v-957b4417="" class=""&gt;...&lt;/div&gt; is not clickable at point (1275, 722). Other element would receive the click: &lt;div data-v-d5bfe35b="" class="oxd-form-loader"&gt;...&lt;/div&gt;
  (Session info: chrome=129.0.6668.70)
Stacktrace:
	GetHandleVerifier [0x00007FF7386EB125+29573]
	(No symbol) [0x00007FF73865FF50]
	(No symbol) [0x00007FF73851B6EA]
	(No symbol) [0x00007FF7385774EE]
	(No symbol) [0x00007FF738574F3C]
	(No symbol) [0x00007FF738572408]
	(No symbol) [0x00007FF73857161A]
	(No symbol) [0x00007FF7385636BE]
	(No symbol) [0x00007FF7385972FA]
	(No symbol) [0x00007FF738562FF6]
	(No symbol) [0x00007FF738597510]
	(No symbol) [0x00007FF7385B86BC]
	(No symbol) [0x00007FF7385970A3]
	(No symbol) [0x00007FF7385612DF]
	(No symbol) [0x00007FF738562441]
	GetHandleVerifier [0x00007FF738A1C76D+3377613]
	GetHandleVerifier [0x00007FF738A67B67+3685831]
	GetHandleVerifier [0x00007FF738A5CF8B+3641835]
	GetHandleVerifier [0x00007FF7387AB2A6+816390]
	(No symbol) [0x00007FF73866B25F]
	(No symbol) [0x00007FF738667084]
	(No symbol) [0x00007FF738667220]
	(No symbol) [0x00007FF73865607F]
	BaseThreadInitThunk [0x00007FFAACB07374+20]
	RtlUserThreadStart [0x00007FFAAD43CC91+33]
</status>
</test>
<status status="FAIL" start="2024-09-29T17:36:42.748109" elapsed="45.983001"/>
</suite>
<status status="FAIL" start="2024-09-29T17:36:42.700712" elapsed="46.030398"/>
</suite>
<statistics>
<total>
<stat pass="0" fail="1" skip="0">All Tests</stat>
</total>
<tag>
</tag>
<suite>
<stat pass="0" fail="1" skip="0" id="s1" name="OrgeHRM">OrgeHRM</stat>
<stat pass="0" fail="1" skip="0" id="s1-s1" name="Dropw">OrgeHRM.Dropw</stat>
</suite>
</statistics>
<errors>
</errors>
</robot>
