<?xml version="1.0" encoding="UTF-8"?>
<robot generator="Robot 7.0.1 (Python 3.11.3 on win32)" generated="2024-09-29T14:09:45.840101" rpa="false" schemaversion="5">
<suite id="s1" name="OrgeHRM" source="C:\Users\Shree\Desktop\New_Python\OrgeHRM">
<suite id="s1-s1" name="Dropw" source="C:\Users\Shree\Desktop\New_Python\OrgeHRM\dropw.robot">
<test id="s1-s1-t1" name="Open_browser" line="11">
<kw name="Open Browser" owner="SeleniumLibrary">
<msg time="2024-09-29T14:09:46.084974" level="INFO">Opening browser 'chrome' to base url 'https://opensource-demo.orangehrmlive.com/web/index.php/auth/login'.</msg>
<arg>${Url}</arg>
<arg>${browser}</arg>
<doc>Opens a new browser instance to the optional ``url``.</doc>
<status status="PASS" start="2024-09-29T14:09:46.084974" elapsed="12.470037"/>
</kw>
<kw name="Maximize Browser Window" owner="SeleniumLibrary">
<doc>Maximizes current browser window.</doc>
<status status="PASS" start="2024-09-29T14:09:58.555525" elapsed="0.034489"/>
</kw>
<kw name="LoginTesting">
<kw name="Wait Until Element Is Visible" owner="SeleniumLibrary">
<arg>xpath://input[@placeholder='Username']</arg>
<arg>timeout=10s</arg>
<doc>Waits until the element ``locator`` is visible.</doc>
<status status="PASS" start="2024-09-29T14:09:58.592735" elapsed="1.202128"/>
</kw>
<kw name="Input Text" owner="SeleniumLibrary">
<msg time="2024-09-29T14:09:59.794863" level="INFO">Typing text 'Admin' into text field 'xpath://input[@placeholder='Username']'.</msg>
<arg>xpath://input[@placeholder='Username']</arg>
<arg>${username}</arg>
<doc>Types the given ``text`` into the text field identified by ``locator``.</doc>
<status status="PASS" start="2024-09-29T14:09:59.794863" elapsed="0.251511"/>
</kw>
<kw name="Input Text" owner="SeleniumLibrary">
<msg time="2024-09-29T14:10:00.046374" level="INFO">Typing text 'admin123' into text field 'xpath://input[@placeholder='Password']'.</msg>
<arg>xpath://input[@placeholder='Password']</arg>
<arg>${password}</arg>
<doc>Types the given ``text`` into the text field identified by ``locator``.</doc>
<status status="PASS" start="2024-09-29T14:10:00.046374" elapsed="0.229948"/>
</kw>
<kw name="Click Button" owner="SeleniumLibrary">
<msg time="2024-09-29T14:10:00.278345" level="INFO">Clicking button 'xpath://button[@type='submit']'.</msg>
<arg>xpath://button[@type='submit']</arg>
<doc>Clicks the button identified by ``locator``.</doc>
<status status="PASS" start="2024-09-29T14:10:00.276322" elapsed="3.237656"/>
</kw>
<kw name="Wait Until Element Is Visible" owner="SeleniumLibrary">
<arg>//a[normalize-space()='My Info']</arg>
<doc>Waits until the element ``locator`` is visible.</doc>
<status status="PASS" start="2024-09-29T14:10:03.513978" elapsed="1.452077"/>
</kw>
<kw name="Click Link" owner="SeleniumLibrary">
<msg time="2024-09-29T14:10:04.966055" level="INFO">Clicking link '//a[normalize-space()='My Info']'.</msg>
<arg>//a[normalize-space()='My Info']</arg>
<doc>Clicks a link identified by ``locator``.</doc>
<status status="PASS" start="2024-09-29T14:10:04.966055" elapsed="3.378272"/>
</kw>
<kw name="Wait Until Element Is Visible" owner="SeleniumLibrary">
<arg>xpath://label[text()='Marital Status']/following::div[1]</arg>
<doc>Waits until the element ``locator`` is visible.</doc>
<status status="PASS" start="2024-09-29T14:10:08.344327" elapsed="0.694990"/>
</kw>
<kw name="Click Element" owner="SeleniumLibrary">
<msg time="2024-09-29T14:10:09.039317" level="INFO">Clicking element 'xpath://label[text()='Marital Status']/following::div[1]'.</msg>
<msg time="2024-09-29T14:10:10.477492" level="INFO" html="true">&lt;/td&gt;&lt;/tr&gt;&lt;tr&gt;&lt;td colspan="3"&gt;&lt;a href="selenium-screenshot-1.png"&gt;&lt;img src="selenium-screenshot-1.png" width="800px"&gt;&lt;/a&gt;</msg>
<msg time="2024-09-29T14:10:10.477492" level="FAIL">ElementClickInterceptedException: Message: element click intercepted: Element &lt;div data-v-957b4417="" class=""&gt;...&lt;/div&gt; is not clickable at point (915, 567). Other element would receive the click: &lt;div data-v-d5bfe35b="" class="oxd-form-loader"&gt;...&lt;/div&gt;
  (Session info: chrome=129.0.6668.70)
Stacktrace:
	GetHandleVerifier [0x00007FF69D3AB125+29573]
	(No symbol) [0x00007FF69D31FF50]
	(No symbol) [0x00007FF69D1DB6EA]
	(No symbol) [0x00007FF69D2374EE]
	(No symbol) [0x00007FF69D234F3C]
	(No symbol) [0x00007FF69D232408]
	(No symbol) [0x00007FF69D23161A]
	(No symbol) [0x00007FF69D2236BE]
	(No symbol) [0x00007FF69D2572FA]
	(No symbol) [0x00007FF69D222FF6]
	(No symbol) [0x00007FF69D257510]
	(No symbol) [0x00007FF69D2786BC]
	(No symbol) [0x00007FF69D2570A3]
	(No symbol) [0x00007FF69D2212DF]
	(No symbol) [0x00007FF69D222441]
	GetHandleVerifier [0x00007FF69D6DC76D+3377613]
	GetHandleVerifier [0x00007FF69D727B67+3685831]
	GetHandleVerifier [0x00007FF69D71CF8B+3641835]
	GetHandleVerifier [0x00007FF69D46B2A6+816390]
	(No symbol) [0x00007FF69D32B25F]
	(No symbol) [0x00007FF69D327084]
	(No symbol) [0x00007FF69D327220]
	(No symbol) [0x00007FF69D31607F]
	BaseThreadInitThunk [0x00007FFAACB07374+20]
	RtlUserThreadStart [0x00007FFAAD43CC91+33]
</msg>
<arg>xpath://label[text()='Marital Status']/following::div[1]</arg>
<doc>Click the element identified by ``locator``.</doc>
<status status="FAIL" start="2024-09-29T14:10:09.039317" elapsed="1.438175">ElementClickInterceptedException: Message: element click intercepted: Element &lt;div data-v-957b4417="" class=""&gt;...&lt;/div&gt; is not clickable at point (915, 567). Other element would receive the click: &lt;div data-v-d5bfe35b="" class="oxd-form-loader"&gt;...&lt;/div&gt;
  (Session info: chrome=129.0.6668.70)
Stacktrace:
	GetHandleVerifier [0x00007FF69D3AB125+29573]
	(No symbol) [0x00007FF69D31FF50]
	(No symbol) [0x00007FF69D1DB6EA]
	(No symbol) [0x00007FF69D2374EE]
	(No symbol) [0x00007FF69D234F3C]
	(No symbol) [0x00007FF69D232408]
	(No symbol) [0x00007FF69D23161A]
	(No symbol) [0x00007FF69D2236BE]
	(No symbol) [0x00007FF69D2572FA]
	(No symbol) [0x00007FF69D222FF6]
	(No symbol) [0x00007FF69D257510]
	(No symbol) [0x00007FF69D2786BC]
	(No symbol) [0x00007FF69D2570A3]
	(No symbol) [0x00007FF69D2212DF]
	(No symbol) [0x00007FF69D222441]
	GetHandleVerifier [0x00007FF69D6DC76D+3377613]
	GetHandleVerifier [0x00007FF69D727B67+3685831]
	GetHandleVerifier [0x00007FF69D71CF8B+3641835]
	GetHandleVerifier [0x00007FF69D46B2A6+816390]
	(No symbol) [0x00007FF69D32B25F]
	(No symbol) [0x00007FF69D327084]
	(No symbol) [0x00007FF69D327220]
	(No symbol) [0x00007FF69D31607F]
	BaseThreadInitThunk [0x00007FFAACB07374+20]
	RtlUserThreadStart [0x00007FFAAD43CC91+33]
</status>
</kw>
<kw name="Wait Until Element Is Visible" owner="SeleniumLibrary">
<arg>xpath://div[@role='option' and text()='Married']</arg>
<doc>Waits until the element ``locator`` is visible.</doc>
<status status="NOT RUN" start="2024-09-29T14:10:10.477492" elapsed="0.000000"/>
</kw>
<kw name="Click Element" owner="SeleniumLibrary">
<arg>xpath://div[@role='option' and text()='Married']</arg>
<doc>Click the element identified by ``locator``.</doc>
<status status="NOT RUN" start="2024-09-29T14:10:10.477492" elapsed="0.000000"/>
</kw>
<status status="FAIL" start="2024-09-29T14:09:58.592735" elapsed="11.884757">ElementClickInterceptedException: Message: element click intercepted: Element &lt;div data-v-957b4417="" class=""&gt;...&lt;/div&gt; is not clickable at point (915, 567). Other element would receive the click: &lt;div data-v-d5bfe35b="" class="oxd-form-loader"&gt;...&lt;/div&gt;
  (Session info: chrome=129.0.6668.70)
Stacktrace:
	GetHandleVerifier [0x00007FF69D3AB125+29573]
	(No symbol) [0x00007FF69D31FF50]
	(No symbol) [0x00007FF69D1DB6EA]
	(No symbol) [0x00007FF69D2374EE]
	(No symbol) [0x00007FF69D234F3C]
	(No symbol) [0x00007FF69D232408]
	(No symbol) [0x00007FF69D23161A]
	(No symbol) [0x00007FF69D2236BE]
	(No symbol) [0x00007FF69D2572FA]
	(No symbol) [0x00007FF69D222FF6]
	(No symbol) [0x00007FF69D257510]
	(No symbol) [0x00007FF69D2786BC]
	(No symbol) [0x00007FF69D2570A3]
	(No symbol) [0x00007FF69D2212DF]
	(No symbol) [0x00007FF69D222441]
	GetHandleVerifier [0x00007FF69D6DC76D+3377613]
	GetHandleVerifier [0x00007FF69D727B67+3685831]
	GetHandleVerifier [0x00007FF69D71CF8B+3641835]
	GetHandleVerifier [0x00007FF69D46B2A6+816390]
	(No symbol) [0x00007FF69D32B25F]
	(No symbol) [0x00007FF69D327084]
	(No symbol) [0x00007FF69D327220]
	(No symbol) [0x00007FF69D31607F]
	BaseThreadInitThunk [0x00007FFAACB07374+20]
	RtlUserThreadStart [0x00007FFAAD43CC91+33]
</status>
</kw>
<kw name="Close Browser" owner="SeleniumLibrary">
<doc>Closes the current browser.</doc>
<status status="NOT RUN" start="2024-09-29T14:10:10.477492" elapsed="0.000000"/>
</kw>
<doc>Open browser, login, and navigate to 'My Info' section to select marital status.</doc>
<status status="FAIL" start="2024-09-29T14:09:46.084958" elapsed="24.392534">ElementClickInterceptedException: Message: element click intercepted: Element &lt;div data-v-957b4417="" class=""&gt;...&lt;/div&gt; is not clickable at point (915, 567). Other element would receive the click: &lt;div data-v-d5bfe35b="" class="oxd-form-loader"&gt;...&lt;/div&gt;
  (Session info: chrome=129.0.6668.70)
Stacktrace:
	GetHandleVerifier [0x00007FF69D3AB125+29573]
	(No symbol) [0x00007FF69D31FF50]
	(No symbol) [0x00007FF69D1DB6EA]
	(No symbol) [0x00007FF69D2374EE]
	(No symbol) [0x00007FF69D234F3C]
	(No symbol) [0x00007FF69D232408]
	(No symbol) [0x00007FF69D23161A]
	(No symbol) [0x00007FF69D2236BE]
	(No symbol) [0x00007FF69D2572FA]
	(No symbol) [0x00007FF69D222FF6]
	(No symbol) [0x00007FF69D257510]
	(No symbol) [0x00007FF69D2786BC]
	(No symbol) [0x00007FF69D2570A3]
	(No symbol) [0x00007FF69D2212DF]
	(No symbol) [0x00007FF69D222441]
	GetHandleVerifier [0x00007FF69D6DC76D+3377613]
	GetHandleVerifier [0x00007FF69D727B67+3685831]
	GetHandleVerifier [0x00007FF69D71CF8B+3641835]
	GetHandleVerifier [0x00007FF69D46B2A6+816390]
	(No symbol) [0x00007FF69D32B25F]
	(No symbol) [0x00007FF69D327084]
	(No symbol) [0x00007FF69D327220]
	(No symbol) [0x00007FF69D31607F]
	BaseThreadInitThunk [0x00007FFAACB07374+20]
	RtlUserThreadStart [0x00007FFAAD43CC91+33]
</status>
</test>
<status status="FAIL" start="2024-09-29T14:09:45.874834" elapsed="24.610212"/>
</suite>
<status status="FAIL" start="2024-09-29T14:09:45.854673" elapsed="24.632888"/>
</suite>
<statistics>
<total>
<stat pass="0" fail="1" skip="0">All Tests</stat>
</total>
<tag>
</tag>
<suite>
<stat pass="0" fail="1" skip="0" id="s1" name="OrgeHRM">OrgeHRM</stat>
<stat pass="0" fail="1" skip="0" id="s1-s1" name="Dropw">OrgeHRM.Dropw</stat>
</suite>
</statistics>
<errors>
</errors>
</robot>
