<?xml version="1.0" encoding="UTF-8"?>
<robot generator="Robot 7.0.1 (Python 3.11.3 on win32)" generated="2024-09-29T13:56:51.795049" rpa="false" schemaversion="5">
<suite id="s1" name="Suites">
<suite id="s1-s1" name="CountExtractLinkTexts" source="C:\Users\Shree\Desktop\New_Python\Mouse_actions\CountExtractLinkTexts.robot">
<test id="s1-s1-t1" name="CountExtract1" line="6">
<kw name="Open Browser" owner="SeleniumLibrary">
<msg time="2024-09-29T13:56:52.104787" level="INFO">Opening browser 'chrome' to base url 'https://demo.guru99.com/test/newtours/'.</msg>
<arg>https://demo.guru99.com/test/newtours/</arg>
<arg>chrome</arg>
<doc>Opens a new browser instance to the optional ``url``.</doc>
<status status="PASS" start="2024-09-29T13:56:52.104787" elapsed="12.373695"/>
</kw>
<kw name="Maximize Browser Window" owner="SeleniumLibrary">
<doc>Maximizes current browser window.</doc>
<status status="PASS" start="2024-09-29T13:57:04.478482" elapsed="0.039491"/>
</kw>
<kw name="Get Element Count" owner="SeleniumLibrary">
<msg time="2024-09-29T13:57:04.557761" level="INFO">${Alllinkcount} = 54</msg>
<var>${Alllinkcount}</var>
<arg>xpath://a</arg>
<doc>Returns the number of elements matching ``locator``.</doc>
<status status="PASS" start="2024-09-29T13:57:04.518994" elapsed="0.038767"/>
</kw>
<kw name="Log To Console" owner="BuiltIn">
<arg>Total link count:${Alllinkcount}</arg>
<doc>Logs the given message to the console.</doc>
<status status="PASS" start="2024-09-29T13:57:04.557761" elapsed="0.000000"/>
</kw>
<kw name="Create List" owner="BuiltIn">
<msg time="2024-09-29T13:57:04.557761" level="INFO">@{LinkItem} = [ ]</msg>
<var>@{LinkItem}</var>
<doc>Returns a list containing given items.</doc>
<status status="PASS" start="2024-09-29T13:57:04.557761" elapsed="0.000000"/>
</kw>
<for flavor="IN RANGE">
<iter>
<kw name="Get Text" owner="SeleniumLibrary">
<msg time="2024-09-29T13:57:04.715319" level="INFO" html="true">&lt;/td&gt;&lt;/tr&gt;&lt;tr&gt;&lt;td colspan="3"&gt;&lt;a href="selenium-screenshot-1.png"&gt;&lt;img src="selenium-screenshot-1.png" width="800px"&gt;&lt;/a&gt;</msg>
<msg time="2024-09-29T13:57:04.715319" level="FAIL">InvalidSelectorException: Message: invalid selector
from javascript error: {"status":32,"value":"Unable to locate an element with the xpath expression xpath:(//a)[1] because of the following error:\nSyntaxError: Failed to execute 'evaluate' on 'Document': The string 'xpath:(//a)[1]' is not a valid XPath expression."}
  (Session info: chrome=129.0.6668.70); For documentation on this error, please visit: https://www.selenium.dev/documentation/webdriver/troubleshooting/errors#invalid-selector-exception
Stacktrace:
	GetHandleVerifier [0x00007FF69D3AB125+29573]
	(No symbol) [0x00007FF69D31FF50]
	(No symbol) [0x00007FF69D1DB6EA]
	(No symbol) [0x00007FF69D1E22BE]
	(No symbol) [0x00007FF69D1E4637]
	(No symbol) [0x00007FF69D1E46F0]
	(No symbol) [0x00007FF69D22F38F]
	(No symbol) [0x00007FF69D22FA6C]
	(No symbol) [0x00007FF69D27B947]
	(No symbol) [0x00007FF69D25733F]
	(No symbol) [0x00007FF69D2786BC]
	(No symbol) [0x00007FF69D2570A3]
	(No symbol) [0x00007FF69D2212DF]
	(No symbol) [0x00007FF69D222441]
	GetHandleVerifier [0x00007FF69D6DC76D+3377613]
	GetHandleVerifier [0x00007FF69D727B67+3685831]
	GetHandleVerifier [0x00007FF69D71CF8B+3641835]
	GetHandleVerifier [0x00007FF69D46B2A6+816390]
	(No symbol) [0x00007FF69D32B25F]
	(No symbol) [0x00007FF69D327084]
	(No symbol) [0x00007FF69D327220]
	(No symbol) [0x00007FF69D31607F]
	BaseThreadInitThunk [0x00007FFAACB07374+20]
	RtlUserThreadStart [0x00007FFAAD43CC91+33]
</msg>
<var>@{linkItem}</var>
<arg>xpath:xpath:(//a)[${i}]</arg>
<doc>Returns the text value of the element identified by ``locator``.</doc>
<status status="FAIL" start="2024-09-29T13:57:04.557761" elapsed="0.167257">InvalidSelectorException: Message: invalid selector
from javascript error: {"status":32,"value":"Unable to locate an element with the xpath expression xpath:(//a)[1] because of the following error:\nSyntaxError: Failed to execute 'evaluate' on 'Document': The string 'xpath:(//a)[1]' is not a valid XPath expression."}
  (Session info: chrome=129.0.6668.70); For documentation on this error, please visit: https://www.selenium.dev/documentation/webdriver/troubleshooting/errors#invalid-selector-exception
Stacktrace:
	GetHandleVerifier [0x00007FF69D3AB125+29573]
	(No symbol) [0x00007FF69D31FF50]
	(No symbol) [0x00007FF69D1DB6EA]
	(No symbol) [0x00007FF69D1E22BE]
	(No symbol) [0x00007FF69D1E4637]
	(No symbol) [0x00007FF69D1E46F0]
	(No symbol) [0x00007FF69D22F38F]
	(No symbol) [0x00007FF69D22FA6C]
	(No symbol) [0x00007FF69D27B947]
	(No symbol) [0x00007FF69D25733F]
	(No symbol) [0x00007FF69D2786BC]
	(No symbol) [0x00007FF69D2570A3]
	(No symbol) [0x00007FF69D2212DF]
	(No symbol) [0x00007FF69D222441]
	GetHandleVerifier [0x00007FF69D6DC76D+3377613]
	GetHandleVerifier [0x00007FF69D727B67+3685831]
	GetHandleVerifier [0x00007FF69D71CF8B+3641835]
	GetHandleVerifier [0x00007FF69D46B2A6+816390]
	(No symbol) [0x00007FF69D32B25F]
	(No symbol) [0x00007FF69D327084]
	(No symbol) [0x00007FF69D327220]
	(No symbol) [0x00007FF69D31607F]
	BaseThreadInitThunk [0x00007FFAACB07374+20]
	RtlUserThreadStart [0x00007FFAAD43CC91+33]
</status>
</kw>
<kw name="Log To Console" owner="BuiltIn">
<arg>@{linkItem}</arg>
<doc>Logs the given message to the console.</doc>
<status status="NOT RUN" start="2024-09-29T13:57:04.730771" elapsed="0.000000"/>
</kw>
<var name="${i}">1</var>
<status status="FAIL" start="2024-09-29T13:57:04.557761" elapsed="0.173010">InvalidSelectorException: Message: invalid selector
from javascript error: {"status":32,"value":"Unable to locate an element with the xpath expression xpath:(//a)[1] because of the following error:\nSyntaxError: Failed to execute 'evaluate' on 'Document': The string 'xpath:(//a)[1]' is not a valid XPath expression."}
  (Session info: chrome=129.0.6668.70); For documentation on this error, please visit: https://www.selenium.dev/documentation/webdriver/troubleshooting/errors#invalid-selector-exception
Stacktrace:
	GetHandleVerifier [0x00007FF69D3AB125+29573]
	(No symbol) [0x00007FF69D31FF50]
	(No symbol) [0x00007FF69D1DB6EA]
	(No symbol) [0x00007FF69D1E22BE]
	(No symbol) [0x00007FF69D1E4637]
	(No symbol) [0x00007FF69D1E46F0]
	(No symbol) [0x00007FF69D22F38F]
	(No symbol) [0x00007FF69D22FA6C]
	(No symbol) [0x00007FF69D27B947]
	(No symbol) [0x00007FF69D25733F]
	(No symbol) [0x00007FF69D2786BC]
	(No symbol) [0x00007FF69D2570A3]
	(No symbol) [0x00007FF69D2212DF]
	(No symbol) [0x00007FF69D222441]
	GetHandleVerifier [0x00007FF69D6DC76D+3377613]
	GetHandleVerifier [0x00007FF69D727B67+3685831]
	GetHandleVerifier [0x00007FF69D71CF8B+3641835]
	GetHandleVerifier [0x00007FF69D46B2A6+816390]
	(No symbol) [0x00007FF69D32B25F]
	(No symbol) [0x00007FF69D327084]
	(No symbol) [0x00007FF69D327220]
	(No symbol) [0x00007FF69D31607F]
	BaseThreadInitThunk [0x00007FFAACB07374+20]
	RtlUserThreadStart [0x00007FFAAD43CC91+33]
</status>
</iter>
<var>${i}</var>
<value>1</value>
<value>${Alllinkcount}+1</value>
<status status="FAIL" start="2024-09-29T13:57:04.557761" elapsed="0.173010">InvalidSelectorException: Message: invalid selector
from javascript error: {"status":32,"value":"Unable to locate an element with the xpath expression xpath:(//a)[1] because of the following error:\nSyntaxError: Failed to execute 'evaluate' on 'Document': The string 'xpath:(//a)[1]' is not a valid XPath expression."}
  (Session info: chrome=129.0.6668.70); For documentation on this error, please visit: https://www.selenium.dev/documentation/webdriver/troubleshooting/errors#invalid-selector-exception
Stacktrace:
	GetHandleVerifier [0x00007FF69D3AB125+29573]
	(No symbol) [0x00007FF69D31FF50]
	(No symbol) [0x00007FF69D1DB6EA]
	(No symbol) [0x00007FF69D1E22BE]
	(No symbol) [0x00007FF69D1E4637]
	(No symbol) [0x00007FF69D1E46F0]
	(No symbol) [0x00007FF69D22F38F]
	(No symbol) [0x00007FF69D22FA6C]
	(No symbol) [0x00007FF69D27B947]
	(No symbol) [0x00007FF69D25733F]
	(No symbol) [0x00007FF69D2786BC]
	(No symbol) [0x00007FF69D2570A3]
	(No symbol) [0x00007FF69D2212DF]
	(No symbol) [0x00007FF69D222441]
	GetHandleVerifier [0x00007FF69D6DC76D+3377613]
	GetHandleVerifier [0x00007FF69D727B67+3685831]
	GetHandleVerifier [0x00007FF69D71CF8B+3641835]
	GetHandleVerifier [0x00007FF69D46B2A6+816390]
	(No symbol) [0x00007FF69D32B25F]
	(No symbol) [0x00007FF69D327084]
	(No symbol) [0x00007FF69D327220]
	(No symbol) [0x00007FF69D31607F]
	BaseThreadInitThunk [0x00007FFAACB07374+20]
	RtlUserThreadStart [0x00007FFAAD43CC91+33]
</status>
</for>
<kw name="Close Browser" owner="SeleniumLibrary">
<doc>Closes the current browser.</doc>
<status status="NOT RUN" start="2024-09-29T13:57:04.730771" elapsed="0.000000"/>
</kw>
<status status="FAIL" start="2024-09-29T13:56:52.104787" elapsed="12.625984">InvalidSelectorException: Message: invalid selector
from javascript error: {"status":32,"value":"Unable to locate an element with the xpath expression xpath:(//a)[1] because of the following error:\nSyntaxError: Failed to execute 'evaluate' on 'Document': The string 'xpath:(//a)[1]' is not a valid XPath expression."}
  (Session info: chrome=129.0.6668.70); For documentation on this error, please visit: https://www.selenium.dev/documentation/webdriver/troubleshooting/errors#invalid-selector-exception
Stacktrace:
	GetHandleVerifier [0x00007FF69D3AB125+29573]
	(No symbol) [0x00007FF69D31FF50]
	(No symbol) [0x00007FF69D1DB6EA]
	(No symbol) [0x00007FF69D1E22BE]
	(No symbol) [0x00007FF69D1E4637]
	(No symbol) [0x00007FF69D1E46F0]
	(No symbol) [0x00007FF69D22F38F]
	(No symbol) [0x00007FF69D22FA6C]
	(No symbol) [0x00007FF69D27B947]
	(No symbol) [0x00007FF69D25733F]
	(No symbol) [0x00007FF69D2786BC]
	(No symbol) [0x00007FF69D2570A3]
	(No symbol) [0x00007FF69D2212DF]
	(No symbol) [0x00007FF69D222441]
	GetHandleVerifier [0x00007FF69D6DC76D+3377613]
	GetHandleVerifier [0x00007FF69D727B67+3685831]
	GetHandleVerifier [0x00007FF69D71CF8B+3641835]
	GetHandleVerifier [0x00007FF69D46B2A6+816390]
	(No symbol) [0x00007FF69D32B25F]
	(No symbol) [0x00007FF69D327084]
	(No symbol) [0x00007FF69D327220]
	(No symbol) [0x00007FF69D31607F]
	BaseThreadInitThunk [0x00007FFAACB07374+20]
	RtlUserThreadStart [0x00007FFAAD43CC91+33]
</status>
</test>
<status status="FAIL" start="2024-09-29T13:56:51.836009" elapsed="12.894762"/>
</suite>
<status status="FAIL" start="2024-09-29T13:56:51.810621" elapsed="12.924989"/>
</suite>
<statistics>
<total>
<stat pass="0" fail="1" skip="0">All Tests</stat>
</total>
<tag>
</tag>
<suite>
<stat pass="0" fail="1" skip="0" id="s1" name="Suites">Suites</stat>
<stat pass="0" fail="1" skip="0" id="s1-s1" name="CountExtractLinkTexts">Suites.CountExtractLinkTexts</stat>
</suite>
</statistics>
<errors>
</errors>
</robot>
